<?xml version="1.0" encoding="UTF-8"?>
<!-- Generated by org.testng.reporters.JUnitReportReporter -->
<testsuite skipped="0" hostname="del1-lhp-N61396" name="com.api.basics.DynamicJson" tests="1" failures="0" timestamp="25 Nov 2020 07:36:47 GMT" time="4.789" errors="0">
  <testcase name="addBook" time="4.789" classname="com.api.basics.DynamicJson"/>
</testsuite> <!-- com.api.basics.DynamicJson -->
