<?xml version="1.0" encoding="UTF-8"?>
<!-- Generated by org.testng.reporters.JUnitReportReporter -->
<testsuite skipped="0" hostname="del1-lhp-N61396" name="com.api.basics.SumValidation" tests="1" failures="0" timestamp="24 Nov 2020 19:40:22 GMT" time="2.053" errors="0">
  <testcase name="sumOfCourses" time="2.053" classname="com.api.basics.SumValidation"/>
</testsuite> <!-- com.api.basics.SumValidation -->
